#! /usr/local/Cellar/icarus-verilog/11.0/bin/vvp
:ivl_version "11.0 (stable)";
:ivl_delay_selection "TYPICAL";
:vpi_time_precision - 12;
:vpi_module "/usr/local/Cellar/icarus-verilog/11.0/lib/ivl/system.vpi";
:vpi_module "/usr/local/Cellar/icarus-verilog/11.0/lib/ivl/vhdl_sys.vpi";
:vpi_module "/usr/local/Cellar/icarus-verilog/11.0/lib/ivl/vhdl_textio.vpi";
:vpi_module "/usr/local/Cellar/icarus-verilog/11.0/lib/ivl/v2005_math.vpi";
:vpi_module "/usr/local/Cellar/icarus-verilog/11.0/lib/ivl/va_math.vpi";
S_0x7fb3047045c0 .scope module, "test_adders" "test_adders" 2 14;
 .timescale -9 -12;
L_0x7fb306063050 .functor BUFT 1, C4<0>, C4<0>, C4<0>, C4<0>;
v0x6000015a4fc0_0 .net *"_ivl_10", 0 0, L_0x7fb306063050;  1 drivers
v0x6000015a5050_0 .net *"_ivl_11", 1 0, L_0x6000016ac280;  1 drivers
v0x6000015a50e0_0 .net *"_ivl_13", 1 0, L_0x6000016ac320;  1 drivers
L_0x7fb306063098 .functor BUFT 1, C4<0>, C4<0>, C4<0>, C4<0>;
v0x6000015a5170_0 .net *"_ivl_16", 0 0, L_0x7fb306063098;  1 drivers
v0x6000015a5200_0 .net *"_ivl_17", 1 0, L_0x6000016ac3c0;  1 drivers
v0x6000015a5290_0 .net *"_ivl_22", 2 0, L_0x6000016ac8c0;  1 drivers
L_0x7fb3060630e0 .functor BUFT 1, C4<0>, C4<0>, C4<0>, C4<0>;
v0x6000015a5320_0 .net *"_ivl_25", 0 0, L_0x7fb3060630e0;  1 drivers
v0x6000015a53b0_0 .net *"_ivl_26", 2 0, L_0x6000016ac960;  1 drivers
L_0x7fb306063128 .functor BUFT 1, C4<0>, C4<0>, C4<0>, C4<0>;
v0x6000015a5440_0 .net *"_ivl_29", 0 0, L_0x7fb306063128;  1 drivers
v0x6000015a54d0_0 .net *"_ivl_3", 1 0, L_0x6000016ac140;  1 drivers
v0x6000015a5560_0 .net *"_ivl_30", 2 0, L_0x6000016aca00;  1 drivers
v0x6000015a55f0_0 .net *"_ivl_32", 2 0, L_0x6000016acaa0;  1 drivers
L_0x7fb306063170 .functor BUFT 1, C4<00>, C4<0>, C4<0>, C4<0>;
v0x6000015a5680_0 .net *"_ivl_35", 1 0, L_0x7fb306063170;  1 drivers
v0x6000015a5710_0 .net *"_ivl_36", 2 0, L_0x6000016acb40;  1 drivers
v0x6000015a57a0_0 .net *"_ivl_42", 3 0, L_0x6000016ad720;  1 drivers
L_0x7fb306063008 .functor BUFT 1, C4<0>, C4<0>, C4<0>, C4<0>;
v0x6000015a5830_0 .net *"_ivl_6", 0 0, L_0x7fb306063008;  1 drivers
v0x6000015a58c0_0 .net *"_ivl_7", 1 0, L_0x6000016ac1e0;  1 drivers
v0x6000015a5950_0 .var "a", 0 0;
v0x6000015a59e0_0 .var "a2", 1 0;
v0x6000015a5a70_0 .var "a4", 3 0;
v0x6000015a5b00_0 .net "actual_fa2_cout", 0 0, L_0x600000ca9c70;  1 drivers
v0x6000015a5b90_0 .net "actual_fa2_sum", 1 0, L_0x6000016ac6e0;  1 drivers
v0x6000015a5c20_0 .net "actual_fa_cout", 0 0, L_0x600000ca9a40;  1 drivers
RS_0x7fb306032098 .resolv tri, L_0x600000ca9880, L_0x600000ca9960;
v0x6000015a5cb0_0 .net8 "actual_fa_sum", 0 0, RS_0x7fb306032098;  2 drivers
v0x6000015a5d40_0 .net "actual_ha_cout", 0 0, L_0x600000ca9810;  1 drivers
v0x6000015a5dd0_0 .net "actual_ha_sum", 0 0, L_0x600000ca97a0;  1 drivers
v0x6000015a5e60_0 .net "actual_rca4_sum", 7 0, L_0x6000016ad540;  1 drivers
v0x6000015a5ef0_0 .var "b", 0 0;
v0x6000015a5f80_0 .var "b2", 1 0;
v0x6000015a6010_0 .var "b4", 3 0;
v0x6000015a60a0_0 .var "cin", 0 0;
v0x6000015a6130_0 .var/i "errors", 31 0;
v0x6000015a61c0_0 .net "exp_fa2_cout", 0 0, L_0x6000016ac780;  1 drivers
v0x6000015a6250_0 .net "exp_fa2_sum", 1 0, L_0x6000016ac820;  1 drivers
v0x6000015a62e0_0 .net "exp_fa_cout", 0 0, L_0x6000016ac000;  1 drivers
v0x6000015a6370_0 .net "exp_fa_sum", 0 0, L_0x6000016ac0a0;  1 drivers
v0x6000015a6400_0 .net "exp_rca4_sum", 3 0, L_0x6000016ad680;  1 drivers
v0x6000015a6490_0 .var/i "i", 31 0;
v0x6000015a6520_0 .var/i "tests", 31 0;
L_0x6000016ac000 .part L_0x6000016ac3c0, 1, 1;
L_0x6000016ac0a0 .part L_0x6000016ac3c0, 0, 1;
L_0x6000016ac140 .concat [ 1 1 0 0], v0x6000015a5950_0, L_0x7fb306063008;
L_0x6000016ac1e0 .concat [ 1 1 0 0], v0x6000015a5ef0_0, L_0x7fb306063050;
L_0x6000016ac280 .arith/sum 2, L_0x6000016ac140, L_0x6000016ac1e0;
L_0x6000016ac320 .concat [ 1 1 0 0], v0x6000015a60a0_0, L_0x7fb306063098;
L_0x6000016ac3c0 .arith/sum 2, L_0x6000016ac280, L_0x6000016ac320;
L_0x6000016ac780 .part L_0x6000016acb40, 2, 1;
L_0x6000016ac820 .part L_0x6000016acb40, 0, 2;
L_0x6000016ac8c0 .concat [ 2 1 0 0], v0x6000015a59e0_0, L_0x7fb3060630e0;
L_0x6000016ac960 .concat [ 2 1 0 0], v0x6000015a5f80_0, L_0x7fb306063128;
L_0x6000016aca00 .arith/sum 3, L_0x6000016ac8c0, L_0x6000016ac960;
L_0x6000016acaa0 .concat [ 1 2 0 0], v0x6000015a60a0_0, L_0x7fb306063170;
L_0x6000016acb40 .arith/sum 3, L_0x6000016aca00, L_0x6000016acaa0;
L_0x6000016ad5e0 .concat [ 4 4 0 0], v0x6000015a5a70_0, v0x6000015a6010_0;
L_0x6000016ad680 .part L_0x6000016ad720, 0, 4;
L_0x6000016ad720 .arith/sum 4, v0x6000015a5a70_0, v0x6000015a6010_0;
S_0x7fb304704730 .scope module, "fa" "fulladder" 2 31, 3 20 0, S_0x7fb3047045c0;
 .timescale -9 -12;
    .port_info 0 /INPUT 1 "cin";
    .port_info 1 /INPUT 1 "a";
    .port_info 2 /INPUT 1 "b";
    .port_info 3 /OUTPUT 1 "s";
    .port_info 4 /OUTPUT 1 "cout";
L_0x600000ca9a40 .functor OR 1, L_0x600000ca98f0, L_0x600000ca99d0, C4<0>, C4<0>;
v0x6000015a8480_0 .net "a", 0 0, v0x6000015a5950_0;  1 drivers
v0x6000015a8510_0 .net "b", 0 0, v0x6000015a5ef0_0;  1 drivers
v0x6000015a85a0_0 .net "cin", 0 0, v0x6000015a60a0_0;  1 drivers
v0x6000015a8630_0 .net "cout", 0 0, L_0x600000ca9a40;  alias, 1 drivers
v0x6000015a86c0_0 .net "cout_tmp1", 0 0, L_0x600000ca98f0;  1 drivers
v0x6000015a8750_0 .net "cout_tmp2", 0 0, L_0x600000ca99d0;  1 drivers
v0x6000015a87e0_0 .net8 "s", 0 0, RS_0x7fb306032098;  alias, 2 drivers
o0x7fb306032188 .functor BUFZ 1, C4<z>; HiZ drive
v0x6000015a8870_0 .net "s_tmp", 0 0, o0x7fb306032188;  0 drivers
S_0x7fb3047048a0 .scope module, "h0" "halfadder" 3 27, 3 10 0, S_0x7fb304704730;
 .timescale -9 -12;
    .port_info 0 /INPUT 1 "a";
    .port_info 1 /INPUT 1 "b";
    .port_info 2 /OUTPUT 1 "s";
    .port_info 3 /OUTPUT 1 "cout";
L_0x600000ca9880 .functor XOR 1, v0x6000015a5950_0, v0x6000015a5ef0_0, C4<0>, C4<0>;
L_0x600000ca98f0 .functor AND 1, v0x6000015a5950_0, v0x6000015a5ef0_0, C4<1>, C4<1>;
v0x6000015a8000_0 .net "a", 0 0, v0x6000015a5950_0;  alias, 1 drivers
v0x6000015a8090_0 .net "b", 0 0, v0x6000015a5ef0_0;  alias, 1 drivers
v0x6000015a8120_0 .net "cout", 0 0, L_0x600000ca98f0;  alias, 1 drivers
v0x6000015a81b0_0 .net8 "s", 0 0, RS_0x7fb306032098;  alias, 2 drivers
S_0x7fb304704a10 .scope module, "h1" "halfadder" 3 28, 3 10 0, S_0x7fb304704730;
 .timescale -9 -12;
    .port_info 0 /INPUT 1 "a";
    .port_info 1 /INPUT 1 "b";
    .port_info 2 /OUTPUT 1 "s";
    .port_info 3 /OUTPUT 1 "cout";
L_0x600000ca9960 .functor XOR 1, o0x7fb306032188, v0x6000015a60a0_0, C4<0>, C4<0>;
L_0x600000ca99d0 .functor AND 1, o0x7fb306032188, v0x6000015a60a0_0, C4<1>, C4<1>;
v0x6000015a8240_0 .net "a", 0 0, o0x7fb306032188;  alias, 0 drivers
v0x6000015a82d0_0 .net "b", 0 0, v0x6000015a60a0_0;  alias, 1 drivers
v0x6000015a8360_0 .net "cout", 0 0, L_0x600000ca99d0;  alias, 1 drivers
v0x6000015a83f0_0 .net8 "s", 0 0, RS_0x7fb306032098;  alias, 2 drivers
S_0x7fb304704b80 .scope module, "fa2" "fulladder2" 2 39, 3 33 0, S_0x7fb3047045c0;
 .timescale -9 -12;
    .port_info 0 /INPUT 1 "cin";
    .port_info 1 /INPUT 2 "a";
    .port_info 2 /INPUT 2 "b";
    .port_info 3 /OUTPUT 2 "s";
    .port_info 4 /OUTPUT 1 "cout";
v0x6000015a9b00_0 .net "a", 1 0, v0x6000015a59e0_0;  1 drivers
v0x6000015a9b90_0 .net "b", 1 0, v0x6000015a5f80_0;  1 drivers
v0x6000015a9c20_0 .net "cin", 0 0, v0x6000015a60a0_0;  alias, 1 drivers
v0x6000015a9cb0_0 .net "cout", 0 0, L_0x600000ca9c70;  alias, 1 drivers
v0x6000015a9d40_0 .net "cout_tmp", 0 0, L_0x600000ca9ea0;  1 drivers
v0x6000015a9dd0_0 .net "s", 1 0, L_0x6000016ac6e0;  alias, 1 drivers
L_0x6000016ac460 .part v0x6000015a59e0_0, 0, 1;
L_0x6000016ac500 .part v0x6000015a5f80_0, 0, 1;
L_0x6000016ac5a0 .part v0x6000015a59e0_0, 1, 1;
L_0x6000016ac640 .part v0x6000015a5f80_0, 1, 1;
RS_0x7fb306032488 .resolv tri, L_0x600000ca9ab0, L_0x600000ca9b90;
RS_0x7fb306032848 .resolv tri, L_0x600000ca9ce0, L_0x600000ca9dc0;
L_0x6000016ac6e0 .concat8 [ 1 1 0 0], RS_0x7fb306032488, RS_0x7fb306032848;
S_0x7fb304704cf0 .scope module, "a0" "fulladder" 3 40, 3 20 0, S_0x7fb304704b80;
 .timescale -9 -12;
    .port_info 0 /INPUT 1 "cin";
    .port_info 1 /INPUT 1 "a";
    .port_info 2 /INPUT 1 "b";
    .port_info 3 /OUTPUT 1 "s";
    .port_info 4 /OUTPUT 1 "cout";
L_0x600000ca9c70 .functor OR 1, L_0x600000ca9b20, L_0x600000ca9c00, C4<0>, C4<0>;
v0x6000015a8d80_0 .net "a", 0 0, L_0x6000016ac460;  1 drivers
v0x6000015a8e10_0 .net "b", 0 0, L_0x6000016ac500;  1 drivers
v0x6000015a8ea0_0 .net "cin", 0 0, v0x6000015a60a0_0;  alias, 1 drivers
v0x6000015a8f30_0 .net "cout", 0 0, L_0x600000ca9c70;  alias, 1 drivers
v0x6000015a8fc0_0 .net "cout_tmp1", 0 0, L_0x600000ca9b20;  1 drivers
v0x6000015a9050_0 .net "cout_tmp2", 0 0, L_0x600000ca9c00;  1 drivers
v0x6000015a90e0_0 .net8 "s", 0 0, RS_0x7fb306032488;  2 drivers
o0x7fb306032578 .functor BUFZ 1, C4<z>; HiZ drive
v0x6000015a9170_0 .net "s_tmp", 0 0, o0x7fb306032578;  0 drivers
S_0x7fb304704e60 .scope module, "h0" "halfadder" 3 27, 3 10 0, S_0x7fb304704cf0;
 .timescale -9 -12;
    .port_info 0 /INPUT 1 "a";
    .port_info 1 /INPUT 1 "b";
    .port_info 2 /OUTPUT 1 "s";
    .port_info 3 /OUTPUT 1 "cout";
L_0x600000ca9ab0 .functor XOR 1, L_0x6000016ac460, L_0x6000016ac500, C4<0>, C4<0>;
L_0x600000ca9b20 .functor AND 1, L_0x6000016ac460, L_0x6000016ac500, C4<1>, C4<1>;
v0x6000015a8900_0 .net "a", 0 0, L_0x6000016ac460;  alias, 1 drivers
v0x6000015a8990_0 .net "b", 0 0, L_0x6000016ac500;  alias, 1 drivers
v0x6000015a8a20_0 .net "cout", 0 0, L_0x600000ca9b20;  alias, 1 drivers
v0x6000015a8ab0_0 .net8 "s", 0 0, RS_0x7fb306032488;  alias, 2 drivers
S_0x7fb304704fd0 .scope module, "h1" "halfadder" 3 28, 3 10 0, S_0x7fb304704cf0;
 .timescale -9 -12;
    .port_info 0 /INPUT 1 "a";
    .port_info 1 /INPUT 1 "b";
    .port_info 2 /OUTPUT 1 "s";
    .port_info 3 /OUTPUT 1 "cout";
L_0x600000ca9b90 .functor XOR 1, o0x7fb306032578, v0x6000015a60a0_0, C4<0>, C4<0>;
L_0x600000ca9c00 .functor AND 1, o0x7fb306032578, v0x6000015a60a0_0, C4<1>, C4<1>;
v0x6000015a8b40_0 .net "a", 0 0, o0x7fb306032578;  alias, 0 drivers
v0x6000015a8bd0_0 .net "b", 0 0, v0x6000015a60a0_0;  alias, 1 drivers
v0x6000015a8c60_0 .net "cout", 0 0, L_0x600000ca9c00;  alias, 1 drivers
v0x6000015a8cf0_0 .net8 "s", 0 0, RS_0x7fb306032488;  alias, 2 drivers
S_0x7fb304705140 .scope module, "a1" "fulladder" 3 41, 3 20 0, S_0x7fb304704b80;
 .timescale -9 -12;
    .port_info 0 /INPUT 1 "cin";
    .port_info 1 /INPUT 1 "a";
    .port_info 2 /INPUT 1 "b";
    .port_info 3 /OUTPUT 1 "s";
    .port_info 4 /OUTPUT 1 "cout";
L_0x600000ca9ea0 .functor OR 1, L_0x600000ca9d50, L_0x600000ca9e30, C4<0>, C4<0>;
v0x6000015a9680_0 .net "a", 0 0, L_0x6000016ac5a0;  1 drivers
v0x6000015a9710_0 .net "b", 0 0, L_0x6000016ac640;  1 drivers
v0x6000015a97a0_0 .net "cin", 0 0, L_0x600000ca9ea0;  alias, 1 drivers
v0x6000015a9830_0 .net "cout", 0 0, L_0x600000ca9ea0;  alias, 1 drivers
v0x6000015a98c0_0 .net "cout_tmp1", 0 0, L_0x600000ca9d50;  1 drivers
v0x6000015a9950_0 .net "cout_tmp2", 0 0, L_0x600000ca9e30;  1 drivers
v0x6000015a99e0_0 .net8 "s", 0 0, RS_0x7fb306032848;  2 drivers
o0x7fb306032938 .functor BUFZ 1, C4<z>; HiZ drive
v0x6000015a9a70_0 .net "s_tmp", 0 0, o0x7fb306032938;  0 drivers
S_0x7fb3047052b0 .scope module, "h0" "halfadder" 3 27, 3 10 0, S_0x7fb304705140;
 .timescale -9 -12;
    .port_info 0 /INPUT 1 "a";
    .port_info 1 /INPUT 1 "b";
    .port_info 2 /OUTPUT 1 "s";
    .port_info 3 /OUTPUT 1 "cout";
L_0x600000ca9ce0 .functor XOR 1, L_0x6000016ac5a0, L_0x6000016ac640, C4<0>, C4<0>;
L_0x600000ca9d50 .functor AND 1, L_0x6000016ac5a0, L_0x6000016ac640, C4<1>, C4<1>;
v0x6000015a9200_0 .net "a", 0 0, L_0x6000016ac5a0;  alias, 1 drivers
v0x6000015a9290_0 .net "b", 0 0, L_0x6000016ac640;  alias, 1 drivers
v0x6000015a9320_0 .net "cout", 0 0, L_0x600000ca9d50;  alias, 1 drivers
v0x6000015a93b0_0 .net8 "s", 0 0, RS_0x7fb306032848;  alias, 2 drivers
S_0x7fb304708d20 .scope module, "h1" "halfadder" 3 28, 3 10 0, S_0x7fb304705140;
 .timescale -9 -12;
    .port_info 0 /INPUT 1 "a";
    .port_info 1 /INPUT 1 "b";
    .port_info 2 /OUTPUT 1 "s";
    .port_info 3 /OUTPUT 1 "cout";
L_0x600000ca9dc0 .functor XOR 1, o0x7fb306032938, L_0x600000ca9ea0, C4<0>, C4<0>;
L_0x600000ca9e30 .functor AND 1, o0x7fb306032938, L_0x600000ca9ea0, C4<1>, C4<1>;
v0x6000015a9440_0 .net "a", 0 0, o0x7fb306032938;  alias, 0 drivers
v0x6000015a94d0_0 .net "b", 0 0, L_0x600000ca9ea0;  alias, 1 drivers
v0x6000015a9560_0 .net "cout", 0 0, L_0x600000ca9e30;  alias, 1 drivers
v0x6000015a95f0_0 .net8 "s", 0 0, RS_0x7fb306032848;  alias, 2 drivers
S_0x7fb304708e90 .scope module, "ha" "halfadder" 2 26, 3 10 0, S_0x7fb3047045c0;
 .timescale -9 -12;
    .port_info 0 /INPUT 1 "a";
    .port_info 1 /INPUT 1 "b";
    .port_info 2 /OUTPUT 1 "s";
    .port_info 3 /OUTPUT 1 "cout";
L_0x600000ca97a0 .functor XOR 1, v0x6000015a5950_0, v0x6000015a5ef0_0, C4<0>, C4<0>;
L_0x600000ca9810 .functor AND 1, v0x6000015a5950_0, v0x6000015a5ef0_0, C4<1>, C4<1>;
v0x6000015a9e60_0 .net "a", 0 0, v0x6000015a5950_0;  alias, 1 drivers
v0x6000015a9ef0_0 .net "b", 0 0, v0x6000015a5ef0_0;  alias, 1 drivers
v0x6000015a9f80_0 .net "cout", 0 0, L_0x600000ca9810;  alias, 1 drivers
v0x6000015aa010_0 .net "s", 0 0, L_0x600000ca97a0;  alias, 1 drivers
S_0x7fb304709000 .scope task, "printPoints" "printPoints" 4 1, 4 1 0, S_0x7fb3047045c0;
 .timescale -9 -12;
v0x6000015aa0a0_0 .var "actual", 31 0;
v0x6000015aa130_0 .var "possible", 31 0;
TD_test_adders.printPoints ;
    %vpi_call 4 4 "$display", "<scorePossible>%d</scorePossible>", v0x6000015aa130_0 {0 0 0};
    %vpi_call 4 5 "$display", "<scoreActual>%d</scoreActual>", v0x6000015aa0a0_0 {0 0 0};
    %end;
S_0x7fb304709170 .scope module, "r0" "rca4" 2 45, 3 47 0, S_0x7fb3047045c0;
 .timescale -9 -12;
    .port_info 0 /INPUT 8 "SWITCH";
    .port_info 1 /OUTPUT 8 "LED";
v0x6000015a4cf0_0 .net "LED", 7 0, L_0x6000016ad540;  alias, 1 drivers
v0x6000015a4d80_0 .net "SWITCH", 7 0, L_0x6000016ad5e0;  1 drivers
L_0x7fb306063200 .functor BUFT 1, C4<0000>, C4<0>, C4<0>, C4<0>;
v0x6000015a4e10_0 .net/2u *"_ivl_19", 3 0, L_0x7fb306063200;  1 drivers
v0x6000015a4ea0_0 .net *"_ivl_9", 2 0, L_0x6000016ad360;  1 drivers
v0x6000015a4f30_0 .net "cout0", 0 0, L_0x600000caa140;  1 drivers
L_0x6000016acf00 .part L_0x6000016ad5e0, 0, 2;
L_0x6000016acfa0 .part L_0x6000016ad5e0, 4, 2;
L_0x6000016ad360 .part L_0x6000016ad5e0, 1, 3;
L_0x6000016ad400 .part L_0x6000016ad360, 0, 2;
L_0x6000016ad4a0 .part L_0x6000016ad5e0, 6, 2;
L_0x6000016ad540 .concat8 [ 2 2 4 0], L_0x6000016ace60, L_0x6000016ad2c0, L_0x7fb306063200;
S_0x7fb3047092e0 .scope module, "a0" "fulladder2" 3 50, 3 33 0, S_0x7fb304709170;
 .timescale -9 -12;
    .port_info 0 /INPUT 1 "cin";
    .port_info 1 /INPUT 2 "a";
    .port_info 2 /INPUT 2 "b";
    .port_info 3 /OUTPUT 2 "s";
    .port_info 4 /OUTPUT 1 "cout";
v0x6000015ab3c0_0 .net "a", 1 0, L_0x6000016acf00;  1 drivers
v0x6000015ab450_0 .net "b", 1 0, L_0x6000016acfa0;  1 drivers
L_0x7fb3060631b8 .functor BUFT 1, C4<1>, C4<0>, C4<0>, C4<0>;
v0x6000015ab4e0_0 .net "cin", 0 0, L_0x7fb3060631b8;  1 drivers
v0x6000015ab570_0 .net "cout", 0 0, L_0x600000caa140;  alias, 1 drivers
v0x6000015ab600_0 .net "cout_tmp", 0 0, L_0x600000caa370;  1 drivers
v0x6000015ab690_0 .net "s", 1 0, L_0x6000016ace60;  1 drivers
L_0x6000016acbe0 .part L_0x6000016acf00, 0, 1;
L_0x6000016acc80 .part L_0x6000016acfa0, 0, 1;
L_0x6000016acd20 .part L_0x6000016acf00, 1, 1;
L_0x6000016acdc0 .part L_0x6000016acfa0, 1, 1;
RS_0x7fb306032f08 .resolv tri, L_0x600000ca9f80, L_0x600000caa060;
RS_0x7fb3060332f8 .resolv tri, L_0x600000caa1b0, L_0x600000caa290;
L_0x6000016ace60 .concat8 [ 1 1 0 0], RS_0x7fb306032f08, RS_0x7fb3060332f8;
S_0x7fb304709450 .scope module, "a0" "fulladder" 3 40, 3 20 0, S_0x7fb3047092e0;
 .timescale -9 -12;
    .port_info 0 /INPUT 1 "cin";
    .port_info 1 /INPUT 1 "a";
    .port_info 2 /INPUT 1 "b";
    .port_info 3 /OUTPUT 1 "s";
    .port_info 4 /OUTPUT 1 "cout";
L_0x600000caa140 .functor OR 1, L_0x600000ca9ff0, L_0x600000caa0d0, C4<0>, C4<0>;
v0x6000015aa640_0 .net "a", 0 0, L_0x6000016acbe0;  1 drivers
v0x6000015aa6d0_0 .net "b", 0 0, L_0x6000016acc80;  1 drivers
v0x6000015aa760_0 .net "cin", 0 0, L_0x7fb3060631b8;  alias, 1 drivers
v0x6000015aa7f0_0 .net "cout", 0 0, L_0x600000caa140;  alias, 1 drivers
v0x6000015aa880_0 .net "cout_tmp1", 0 0, L_0x600000ca9ff0;  1 drivers
v0x6000015aa910_0 .net "cout_tmp2", 0 0, L_0x600000caa0d0;  1 drivers
v0x6000015aa9a0_0 .net8 "s", 0 0, RS_0x7fb306032f08;  2 drivers
o0x7fb306032ff8 .functor BUFZ 1, C4<z>; HiZ drive
v0x6000015aaa30_0 .net "s_tmp", 0 0, o0x7fb306032ff8;  0 drivers
S_0x7fb3047095c0 .scope module, "h0" "halfadder" 3 27, 3 10 0, S_0x7fb304709450;
 .timescale -9 -12;
    .port_info 0 /INPUT 1 "a";
    .port_info 1 /INPUT 1 "b";
    .port_info 2 /OUTPUT 1 "s";
    .port_info 3 /OUTPUT 1 "cout";
L_0x600000ca9f80 .functor XOR 1, L_0x6000016acbe0, L_0x6000016acc80, C4<0>, C4<0>;
L_0x600000ca9ff0 .functor AND 1, L_0x6000016acbe0, L_0x6000016acc80, C4<1>, C4<1>;
v0x6000015aa1c0_0 .net "a", 0 0, L_0x6000016acbe0;  alias, 1 drivers
v0x6000015aa250_0 .net "b", 0 0, L_0x6000016acc80;  alias, 1 drivers
v0x6000015aa2e0_0 .net "cout", 0 0, L_0x600000ca9ff0;  alias, 1 drivers
v0x6000015aa370_0 .net8 "s", 0 0, RS_0x7fb306032f08;  alias, 2 drivers
S_0x7fb304709730 .scope module, "h1" "halfadder" 3 28, 3 10 0, S_0x7fb304709450;
 .timescale -9 -12;
    .port_info 0 /INPUT 1 "a";
    .port_info 1 /INPUT 1 "b";
    .port_info 2 /OUTPUT 1 "s";
    .port_info 3 /OUTPUT 1 "cout";
L_0x600000caa060 .functor XOR 1, o0x7fb306032ff8, L_0x7fb3060631b8, C4<0>, C4<0>;
L_0x600000caa0d0 .functor AND 1, o0x7fb306032ff8, L_0x7fb3060631b8, C4<1>, C4<1>;
v0x6000015aa400_0 .net "a", 0 0, o0x7fb306032ff8;  alias, 0 drivers
v0x6000015aa490_0 .net "b", 0 0, L_0x7fb3060631b8;  alias, 1 drivers
v0x6000015aa520_0 .net "cout", 0 0, L_0x600000caa0d0;  alias, 1 drivers
v0x6000015aa5b0_0 .net8 "s", 0 0, RS_0x7fb306032f08;  alias, 2 drivers
S_0x7fb3047098a0 .scope module, "a1" "fulladder" 3 41, 3 20 0, S_0x7fb3047092e0;
 .timescale -9 -12;
    .port_info 0 /INPUT 1 "cin";
    .port_info 1 /INPUT 1 "a";
    .port_info 2 /INPUT 1 "b";
    .port_info 3 /OUTPUT 1 "s";
    .port_info 4 /OUTPUT 1 "cout";
L_0x600000caa370 .functor OR 1, L_0x600000caa220, L_0x600000caa300, C4<0>, C4<0>;
v0x6000015aaf40_0 .net "a", 0 0, L_0x6000016acd20;  1 drivers
v0x6000015aafd0_0 .net "b", 0 0, L_0x6000016acdc0;  1 drivers
v0x6000015ab060_0 .net "cin", 0 0, L_0x600000caa370;  alias, 1 drivers
v0x6000015ab0f0_0 .net "cout", 0 0, L_0x600000caa370;  alias, 1 drivers
v0x6000015ab180_0 .net "cout_tmp1", 0 0, L_0x600000caa220;  1 drivers
v0x6000015ab210_0 .net "cout_tmp2", 0 0, L_0x600000caa300;  1 drivers
v0x6000015ab2a0_0 .net8 "s", 0 0, RS_0x7fb3060332f8;  2 drivers
o0x7fb3060333e8 .functor BUFZ 1, C4<z>; HiZ drive
v0x6000015ab330_0 .net "s_tmp", 0 0, o0x7fb3060333e8;  0 drivers
S_0x7fb304709a10 .scope module, "h0" "halfadder" 3 27, 3 10 0, S_0x7fb3047098a0;
 .timescale -9 -12;
    .port_info 0 /INPUT 1 "a";
    .port_info 1 /INPUT 1 "b";
    .port_info 2 /OUTPUT 1 "s";
    .port_info 3 /OUTPUT 1 "cout";
L_0x600000caa1b0 .functor XOR 1, L_0x6000016acd20, L_0x6000016acdc0, C4<0>, C4<0>;
L_0x600000caa220 .functor AND 1, L_0x6000016acd20, L_0x6000016acdc0, C4<1>, C4<1>;
v0x6000015aaac0_0 .net "a", 0 0, L_0x6000016acd20;  alias, 1 drivers
v0x6000015aab50_0 .net "b", 0 0, L_0x6000016acdc0;  alias, 1 drivers
v0x6000015aabe0_0 .net "cout", 0 0, L_0x600000caa220;  alias, 1 drivers
v0x6000015aac70_0 .net8 "s", 0 0, RS_0x7fb3060332f8;  alias, 2 drivers
S_0x7fb304709b80 .scope module, "h1" "halfadder" 3 28, 3 10 0, S_0x7fb3047098a0;
 .timescale -9 -12;
    .port_info 0 /INPUT 1 "a";
    .port_info 1 /INPUT 1 "b";
    .port_info 2 /OUTPUT 1 "s";
    .port_info 3 /OUTPUT 1 "cout";
L_0x600000caa290 .functor XOR 1, o0x7fb3060333e8, L_0x600000caa370, C4<0>, C4<0>;
L_0x600000caa300 .functor AND 1, o0x7fb3060333e8, L_0x600000caa370, C4<1>, C4<1>;
v0x6000015aad00_0 .net "a", 0 0, o0x7fb3060333e8;  alias, 0 drivers
v0x6000015aad90_0 .net "b", 0 0, L_0x600000caa370;  alias, 1 drivers
v0x6000015aae20_0 .net "cout", 0 0, L_0x600000caa300;  alias, 1 drivers
v0x6000015aaeb0_0 .net8 "s", 0 0, RS_0x7fb3060332f8;  alias, 2 drivers
S_0x7fb304709cf0 .scope module, "a3" "fulladder2" 3 51, 3 33 0, S_0x7fb304709170;
 .timescale -9 -12;
    .port_info 0 /INPUT 1 "cin";
    .port_info 1 /INPUT 2 "a";
    .port_info 2 /INPUT 2 "b";
    .port_info 3 /OUTPUT 2 "s";
    .port_info 4 /OUTPUT 1 "cout";
v0x6000015a4990_0 .net "a", 1 0, L_0x6000016ad400;  1 drivers
v0x6000015a4a20_0 .net "b", 1 0, L_0x6000016ad4a0;  1 drivers
v0x6000015a4ab0_0 .net "cin", 0 0, L_0x600000caa140;  alias, 1 drivers
v0x6000015a4b40_0 .net "cout", 0 0, L_0x600000caa5a0;  1 drivers
v0x6000015a4bd0_0 .net "cout_tmp", 0 0, L_0x600000caa7d0;  1 drivers
v0x6000015a4c60_0 .net "s", 1 0, L_0x6000016ad2c0;  1 drivers
L_0x6000016ad040 .part L_0x6000016ad400, 0, 1;
L_0x6000016ad0e0 .part L_0x6000016ad4a0, 0, 1;
L_0x6000016ad180 .part L_0x6000016ad400, 1, 1;
L_0x6000016ad220 .part L_0x6000016ad4a0, 1, 1;
RS_0x7fb306033838 .resolv tri, L_0x600000caa3e0, L_0x600000caa4c0;
RS_0x7fb306033bf8 .resolv tri, L_0x600000caa610, L_0x600000caa6f0;
L_0x6000016ad2c0 .concat8 [ 1 1 0 0], RS_0x7fb306033838, RS_0x7fb306033bf8;
S_0x7fb304709e60 .scope module, "a0" "fulladder" 3 40, 3 20 0, S_0x7fb304709cf0;
 .timescale -9 -12;
    .port_info 0 /INPUT 1 "cin";
    .port_info 1 /INPUT 1 "a";
    .port_info 2 /INPUT 1 "b";
    .port_info 3 /OUTPUT 1 "s";
    .port_info 4 /OUTPUT 1 "cout";
L_0x600000caa5a0 .functor OR 1, L_0x600000caa450, L_0x600000caa530, C4<0>, C4<0>;
v0x6000015abba0_0 .net "a", 0 0, L_0x6000016ad040;  1 drivers
v0x6000015abc30_0 .net "b", 0 0, L_0x6000016ad0e0;  1 drivers
v0x6000015abcc0_0 .net "cin", 0 0, L_0x600000caa140;  alias, 1 drivers
v0x6000015abd50_0 .net "cout", 0 0, L_0x600000caa5a0;  alias, 1 drivers
v0x6000015abde0_0 .net "cout_tmp1", 0 0, L_0x600000caa450;  1 drivers
v0x6000015abe70_0 .net "cout_tmp2", 0 0, L_0x600000caa530;  1 drivers
v0x6000015abf00_0 .net8 "s", 0 0, RS_0x7fb306033838;  2 drivers
o0x7fb306033928 .functor BUFZ 1, C4<z>; HiZ drive
v0x6000015a4000_0 .net "s_tmp", 0 0, o0x7fb306033928;  0 drivers
S_0x7fb304709fd0 .scope module, "h0" "halfadder" 3 27, 3 10 0, S_0x7fb304709e60;
 .timescale -9 -12;
    .port_info 0 /INPUT 1 "a";
    .port_info 1 /INPUT 1 "b";
    .port_info 2 /OUTPUT 1 "s";
    .port_info 3 /OUTPUT 1 "cout";
L_0x600000caa3e0 .functor XOR 1, L_0x6000016ad040, L_0x6000016ad0e0, C4<0>, C4<0>;
L_0x600000caa450 .functor AND 1, L_0x6000016ad040, L_0x6000016ad0e0, C4<1>, C4<1>;
v0x6000015ab720_0 .net "a", 0 0, L_0x6000016ad040;  alias, 1 drivers
v0x6000015ab7b0_0 .net "b", 0 0, L_0x6000016ad0e0;  alias, 1 drivers
v0x6000015ab840_0 .net "cout", 0 0, L_0x600000caa450;  alias, 1 drivers
v0x6000015ab8d0_0 .net8 "s", 0 0, RS_0x7fb306033838;  alias, 2 drivers
S_0x7fb30470a140 .scope module, "h1" "halfadder" 3 28, 3 10 0, S_0x7fb304709e60;
 .timescale -9 -12;
    .port_info 0 /INPUT 1 "a";
    .port_info 1 /INPUT 1 "b";
    .port_info 2 /OUTPUT 1 "s";
    .port_info 3 /OUTPUT 1 "cout";
L_0x600000caa4c0 .functor XOR 1, o0x7fb306033928, L_0x600000caa140, C4<0>, C4<0>;
L_0x600000caa530 .functor AND 1, o0x7fb306033928, L_0x600000caa140, C4<1>, C4<1>;
v0x6000015ab960_0 .net "a", 0 0, o0x7fb306033928;  alias, 0 drivers
v0x6000015ab9f0_0 .net "b", 0 0, L_0x600000caa140;  alias, 1 drivers
v0x6000015aba80_0 .net "cout", 0 0, L_0x600000caa530;  alias, 1 drivers
v0x6000015abb10_0 .net8 "s", 0 0, RS_0x7fb306033838;  alias, 2 drivers
S_0x7fb30470a2b0 .scope module, "a1" "fulladder" 3 41, 3 20 0, S_0x7fb304709cf0;
 .timescale -9 -12;
    .port_info 0 /INPUT 1 "cin";
    .port_info 1 /INPUT 1 "a";
    .port_info 2 /INPUT 1 "b";
    .port_info 3 /OUTPUT 1 "s";
    .port_info 4 /OUTPUT 1 "cout";
L_0x600000caa7d0 .functor OR 1, L_0x600000caa680, L_0x600000caa760, C4<0>, C4<0>;
v0x6000015a4510_0 .net "a", 0 0, L_0x6000016ad180;  1 drivers
v0x6000015a45a0_0 .net "b", 0 0, L_0x6000016ad220;  1 drivers
v0x6000015a4630_0 .net "cin", 0 0, L_0x600000caa7d0;  alias, 1 drivers
v0x6000015a46c0_0 .net "cout", 0 0, L_0x600000caa7d0;  alias, 1 drivers
v0x6000015a4750_0 .net "cout_tmp1", 0 0, L_0x600000caa680;  1 drivers
v0x6000015a47e0_0 .net "cout_tmp2", 0 0, L_0x600000caa760;  1 drivers
v0x6000015a4870_0 .net8 "s", 0 0, RS_0x7fb306033bf8;  2 drivers
o0x7fb306033ce8 .functor BUFZ 1, C4<z>; HiZ drive
v0x6000015a4900_0 .net "s_tmp", 0 0, o0x7fb306033ce8;  0 drivers
S_0x7fb30470a420 .scope module, "h0" "halfadder" 3 27, 3 10 0, S_0x7fb30470a2b0;
 .timescale -9 -12;
    .port_info 0 /INPUT 1 "a";
    .port_info 1 /INPUT 1 "b";
    .port_info 2 /OUTPUT 1 "s";
    .port_info 3 /OUTPUT 1 "cout";
L_0x600000caa610 .functor XOR 1, L_0x6000016ad180, L_0x6000016ad220, C4<0>, C4<0>;
L_0x600000caa680 .functor AND 1, L_0x6000016ad180, L_0x6000016ad220, C4<1>, C4<1>;
v0x6000015a4090_0 .net "a", 0 0, L_0x6000016ad180;  alias, 1 drivers
v0x6000015a4120_0 .net "b", 0 0, L_0x6000016ad220;  alias, 1 drivers
v0x6000015a41b0_0 .net "cout", 0 0, L_0x600000caa680;  alias, 1 drivers
v0x6000015a4240_0 .net8 "s", 0 0, RS_0x7fb306033bf8;  alias, 2 drivers
S_0x7fb30470a590 .scope module, "h1" "halfadder" 3 28, 3 10 0, S_0x7fb30470a2b0;
 .timescale -9 -12;
    .port_info 0 /INPUT 1 "a";
    .port_info 1 /INPUT 1 "b";
    .port_info 2 /OUTPUT 1 "s";
    .port_info 3 /OUTPUT 1 "cout";
L_0x600000caa6f0 .functor XOR 1, o0x7fb306033ce8, L_0x600000caa7d0, C4<0>, C4<0>;
L_0x600000caa760 .functor AND 1, o0x7fb306033ce8, L_0x600000caa7d0, C4<1>, C4<1>;
v0x6000015a42d0_0 .net "a", 0 0, o0x7fb306033ce8;  alias, 0 drivers
v0x6000015a4360_0 .net "b", 0 0, L_0x600000caa7d0;  alias, 1 drivers
v0x6000015a43f0_0 .net "cout", 0 0, L_0x600000caa760;  alias, 1 drivers
v0x6000015a4480_0 .net8 "s", 0 0, RS_0x7fb306033bf8;  alias, 2 drivers
    .scope S_0x7fb3047045c0;
T_1 ;
    %vpi_call 2 52 "$dumpfile", "rca.vcd" {0 0 0};
    %vpi_call 2 53 "$dumpvars" {0 0 0};
    %pushi/vec4 0, 0, 1;
    %store/vec4 v0x6000015a5950_0, 0, 1;
    %pushi/vec4 0, 0, 1;
    %store/vec4 v0x6000015a5ef0_0, 0, 1;
    %pushi/vec4 0, 0, 32;
    %store/vec4 v0x6000015a6130_0, 0, 32;
    %pushi/vec4 0, 0, 32;
    %store/vec4 v0x6000015a6520_0, 0, 32;
    %delay 100000, 0;
    %pushi/vec4 0, 0, 32;
    %store/vec4 v0x6000015a6490_0, 0, 32;
T_1.0 ;
    %load/vec4 v0x6000015a6490_0;
    %cmpi/s 3, 0, 32;
    %flag_or 5, 4;
    %jmp/0xz T_1.1, 5;
    %load/vec4 v0x6000015a6490_0;
    %parti/s 1, 0, 2;
    %store/vec4 v0x6000015a5950_0, 0, 1;
    %load/vec4 v0x6000015a6490_0;
    %parti/s 1, 1, 2;
    %store/vec4 v0x6000015a5ef0_0, 0, 1;
    %delay 6000, 0;
    %load/vec4 v0x6000015a6520_0;
    %addi 2, 0, 32;
    %store/vec4 v0x6000015a6520_0, 0, 32;
    %load/vec4 v0x6000015a6490_0;
    %dup/vec4;
    %pushi/vec4 0, 0, 32;
    %cmp/u;
    %jmp/1 T_1.2, 6;
    %dup/vec4;
    %pushi/vec4 3, 0, 32;
    %cmp/u;
    %jmp/1 T_1.3, 6;
    %dup/vec4;
    %pushi/vec4 1, 0, 32;
    %cmp/u;
    %jmp/1 T_1.4, 6;
    %dup/vec4;
    %pushi/vec4 2, 0, 32;
    %cmp/u;
    %jmp/1 T_1.5, 6;
    %jmp T_1.6;
T_1.2 ;
    %load/vec4 v0x6000015a5dd0_0;
    %pad/u 32;
    %cmpi/ne 0, 0, 32;
    %jmp/0xz  T_1.7, 6;
    %load/vec4 v0x6000015a6130_0;
    %cmpi/s 15, 0, 32;
    %jmp/0xz  T_1.9, 5;
    %vpi_call 2 78 "$display", "[halfadder] ERROR: %b + %b should produce sum=0 but was %b instead", v0x6000015a5950_0, v0x6000015a5ef0_0, v0x6000015a5dd0_0 {0 0 0};
T_1.9 ;
    %load/vec4 v0x6000015a6130_0;
    %addi 1, 0, 32;
    %store/vec4 v0x6000015a6130_0, 0, 32;
T_1.7 ;
    %jmp T_1.6;
T_1.3 ;
    %load/vec4 v0x6000015a5dd0_0;
    %pad/u 32;
    %cmpi/ne 0, 0, 32;
    %jmp/0xz  T_1.11, 6;
    %load/vec4 v0x6000015a6130_0;
    %cmpi/s 15, 0, 32;
    %jmp/0xz  T_1.13, 5;
    %vpi_call 2 78 "$display", "[halfadder] ERROR: %b + %b should produce sum=0 but was %b instead", v0x6000015a5950_0, v0x6000015a5ef0_0, v0x6000015a5dd0_0 {0 0 0};
T_1.13 ;
    %load/vec4 v0x6000015a6130_0;
    %addi 1, 0, 32;
    %store/vec4 v0x6000015a6130_0, 0, 32;
T_1.11 ;
    %jmp T_1.6;
T_1.4 ;
    %load/vec4 v0x6000015a5dd0_0;
    %pad/u 32;
    %cmpi/ne 1, 0, 32;
    %jmp/0xz  T_1.15, 6;
    %load/vec4 v0x6000015a6130_0;
    %cmpi/s 15, 0, 32;
    %jmp/0xz  T_1.17, 5;
    %vpi_call 2 85 "$display", "[halfadder] ERROR: %b + %b should produce sum=1 but was %b instead", v0x6000015a5950_0, v0x6000015a5ef0_0, v0x6000015a5dd0_0 {0 0 0};
T_1.17 ;
    %load/vec4 v0x6000015a6130_0;
    %addi 1, 0, 32;
    %store/vec4 v0x6000015a6130_0, 0, 32;
T_1.15 ;
    %jmp T_1.6;
T_1.5 ;
    %load/vec4 v0x6000015a5dd0_0;
    %pad/u 32;
    %cmpi/ne 1, 0, 32;
    %jmp/0xz  T_1.19, 6;
    %load/vec4 v0x6000015a6130_0;
    %cmpi/s 15, 0, 32;
    %jmp/0xz  T_1.21, 5;
    %vpi_call 2 85 "$display", "[halfadder] ERROR: %b + %b should produce sum=1 but was %b instead", v0x6000015a5950_0, v0x6000015a5ef0_0, v0x6000015a5dd0_0 {0 0 0};
T_1.21 ;
    %load/vec4 v0x6000015a6130_0;
    %addi 1, 0, 32;
    %store/vec4 v0x6000015a6130_0, 0, 32;
T_1.19 ;
    %jmp T_1.6;
T_1.6 ;
    %pop/vec4 1;
    %load/vec4 v0x6000015a6490_0;
    %cmpi/s 3, 0, 32;
    %flag_get/vec4 5;
    %pushi/vec4 0, 0, 32;
    %load/vec4 v0x6000015a5d40_0;
    %pad/u 32;
    %cmp/ne;
    %flag_get/vec4 6;
    %and;
    %flag_set/vec4 8;
    %jmp/0xz  T_1.23, 8;
    %load/vec4 v0x6000015a6130_0;
    %cmpi/s 15, 0, 32;
    %jmp/0xz  T_1.25, 5;
    %vpi_call 2 94 "$display", "[halfadder] ERROR: %b + %b should produce cout=0 but was %b instead", v0x6000015a5950_0, v0x6000015a5ef0_0, v0x6000015a5d40_0 {0 0 0};
T_1.25 ;
    %load/vec4 v0x6000015a6130_0;
    %addi 1, 0, 32;
    %store/vec4 v0x6000015a6130_0, 0, 32;
T_1.23 ;
    %load/vec4 v0x6000015a6490_0;
    %pushi/vec4 3, 0, 32;
    %cmp/e;
    %flag_get/vec4 4;
    %pushi/vec4 1, 0, 32;
    %load/vec4 v0x6000015a5d40_0;
    %pad/u 32;
    %cmp/ne;
    %flag_get/vec4 6;
    %and;
    %flag_set/vec4 8;
    %jmp/0xz  T_1.27, 8;
    %load/vec4 v0x6000015a6130_0;
    %cmpi/s 15, 0, 32;
    %jmp/0xz  T_1.29, 5;
    %vpi_call 2 100 "$display", "[halfadder] ERROR: %b + %b should produce cout=1 but was %b instead", v0x6000015a5950_0, v0x6000015a5ef0_0, v0x6000015a5d40_0 {0 0 0};
T_1.29 ;
    %load/vec4 v0x6000015a6130_0;
    %addi 1, 0, 32;
    %store/vec4 v0x6000015a6130_0, 0, 32;
T_1.27 ;
    %load/vec4 v0x6000015a6490_0;
    %addi 1, 0, 32;
    %store/vec4 v0x6000015a6490_0, 0, 32;
    %jmp T_1.0;
T_1.1 ;
    %pushi/vec4 0, 0, 32;
    %store/vec4 v0x6000015a6490_0, 0, 32;
T_1.31 ;
    %load/vec4 v0x6000015a6490_0;
    %cmpi/s 7, 0, 32;
    %flag_or 5, 4;
    %jmp/0xz T_1.32, 5;
    %load/vec4 v0x6000015a6490_0;
    %parti/s 1, 0, 2;
    %store/vec4 v0x6000015a5950_0, 0, 1;
    %load/vec4 v0x6000015a6490_0;
    %parti/s 1, 1, 2;
    %store/vec4 v0x6000015a5ef0_0, 0, 1;
    %load/vec4 v0x6000015a6490_0;
    %parti/s 1, 2, 3;
    %store/vec4 v0x6000015a60a0_0, 0, 1;
    %delay 6000, 0;
    %load/vec4 v0x6000015a6520_0;
    %addi 2, 0, 32;
    %store/vec4 v0x6000015a6520_0, 0, 32;
    %load/vec4 v0x6000015a62e0_0;
    %load/vec4 v0x6000015a5c20_0;
    %cmp/ne;
    %jmp/0xz  T_1.33, 6;
    %load/vec4 v0x6000015a6130_0;
    %cmpi/s 15, 0, 32;
    %jmp/0xz  T_1.35, 5;
    %vpi_call 2 120 "$display", "[fulladder] ERROR: %b + %b should produce cout=%b but was %b instead", v0x6000015a5950_0, v0x6000015a5ef0_0, v0x6000015a62e0_0, v0x6000015a5c20_0 {0 0 0};
T_1.35 ;
    %load/vec4 v0x6000015a6130_0;
    %addi 1, 0, 32;
    %store/vec4 v0x6000015a6130_0, 0, 32;
T_1.33 ;
    %load/vec4 v0x6000015a6370_0;
    %load/vec4 v0x6000015a5cb0_0;
    %cmp/ne;
    %jmp/0xz  T_1.37, 6;
    %load/vec4 v0x6000015a6130_0;
    %cmpi/s 15, 0, 32;
    %jmp/0xz  T_1.39, 5;
    %vpi_call 2 126 "$display", "[fulladder] ERROR: %b + %b should produce sum=%b but was %b instead", v0x6000015a5950_0, v0x6000015a5ef0_0, v0x6000015a6370_0, v0x6000015a5cb0_0 {0 0 0};
T_1.39 ;
    %load/vec4 v0x6000015a6130_0;
    %addi 1, 0, 32;
    %store/vec4 v0x6000015a6130_0, 0, 32;
T_1.37 ;
    %load/vec4 v0x6000015a6490_0;
    %addi 1, 0, 32;
    %store/vec4 v0x6000015a6490_0, 0, 32;
    %jmp T_1.31;
T_1.32 ;
    %pushi/vec4 0, 0, 32;
    %store/vec4 v0x6000015a6490_0, 0, 32;
T_1.41 ;
    %load/vec4 v0x6000015a6490_0;
    %cmpi/s 31, 0, 32;
    %flag_or 5, 4;
    %jmp/0xz T_1.42, 5;
    %load/vec4 v0x6000015a6490_0;
    %parti/s 2, 0, 2;
    %store/vec4 v0x6000015a59e0_0, 0, 2;
    %load/vec4 v0x6000015a6490_0;
    %parti/s 2, 2, 3;
    %store/vec4 v0x6000015a5f80_0, 0, 2;
    %load/vec4 v0x6000015a6490_0;
    %parti/s 1, 4, 4;
    %store/vec4 v0x6000015a60a0_0, 0, 1;
    %delay 6000, 0;
    %load/vec4 v0x6000015a6520_0;
    %addi 2, 0, 32;
    %store/vec4 v0x6000015a6520_0, 0, 32;
    %load/vec4 v0x6000015a61c0_0;
    %load/vec4 v0x6000015a5b00_0;
    %cmp/ne;
    %jmp/0xz  T_1.43, 6;
    %load/vec4 v0x6000015a6130_0;
    %cmpi/s 15, 0, 32;
    %jmp/0xz  T_1.45, 5;
    %vpi_call 2 145 "$display", "[fulladder2] ERROR: %b + %b should produce cout=%b but was %b instead", v0x6000015a59e0_0, v0x6000015a5f80_0, v0x6000015a61c0_0, v0x6000015a5b00_0 {0 0 0};
T_1.45 ;
    %load/vec4 v0x6000015a6130_0;
    %addi 1, 0, 32;
    %store/vec4 v0x6000015a6130_0, 0, 32;
T_1.43 ;
    %load/vec4 v0x6000015a6250_0;
    %load/vec4 v0x6000015a5b90_0;
    %cmp/ne;
    %jmp/0xz  T_1.47, 6;
    %load/vec4 v0x6000015a6130_0;
    %cmpi/s 15, 0, 32;
    %jmp/0xz  T_1.49, 5;
    %vpi_call 2 151 "$display", "[fulladder2] ERROR: %b + %b should produce sum=%b but was %b instead", v0x6000015a59e0_0, v0x6000015a5f80_0, v0x6000015a6250_0, v0x6000015a5b90_0 {0 0 0};
T_1.49 ;
    %load/vec4 v0x6000015a6130_0;
    %addi 1, 0, 32;
    %store/vec4 v0x6000015a6130_0, 0, 32;
T_1.47 ;
    %load/vec4 v0x6000015a6490_0;
    %addi 1, 0, 32;
    %store/vec4 v0x6000015a6490_0, 0, 32;
    %jmp T_1.41;
T_1.42 ;
    %pushi/vec4 0, 0, 32;
    %store/vec4 v0x6000015a6490_0, 0, 32;
T_1.51 ;
    %load/vec4 v0x6000015a6490_0;
    %cmpi/s 255, 0, 32;
    %flag_or 5, 4;
    %jmp/0xz T_1.52, 5;
    %load/vec4 v0x6000015a6490_0;
    %parti/s 4, 0, 2;
    %store/vec4 v0x6000015a5a70_0, 0, 4;
    %load/vec4 v0x6000015a6490_0;
    %parti/s 4, 4, 4;
    %store/vec4 v0x6000015a6010_0, 0, 4;
    %delay 6000, 0;
    %load/vec4 v0x6000015a6520_0;
    %addi 1, 0, 32;
    %store/vec4 v0x6000015a6520_0, 0, 32;
    %load/vec4 v0x6000015a6400_0;
    %pad/u 8;
    %load/vec4 v0x6000015a5e60_0;
    %cmp/ne;
    %jmp/0xz  T_1.53, 6;
    %load/vec4 v0x6000015a6130_0;
    %cmpi/s 15, 0, 32;
    %jmp/0xz  T_1.55, 5;
    %vpi_call 2 170 "$display", "[rca4] ERROR: %b + %b should produce sum=%b but was %b instead", v0x6000015a5a70_0, v0x6000015a6010_0, v0x6000015a6400_0, v0x6000015a5e60_0 {0 0 0};
T_1.55 ;
    %load/vec4 v0x6000015a6130_0;
    %addi 1, 0, 32;
    %store/vec4 v0x6000015a6130_0, 0, 32;
T_1.53 ;
    %load/vec4 v0x6000015a6490_0;
    %addi 1, 0, 32;
    %store/vec4 v0x6000015a6490_0, 0, 32;
    %jmp T_1.51;
T_1.52 ;
    %load/vec4 v0x6000015a6130_0;
    %cmpi/s 15, 0, 32;
    %flag_or 5, 4; GT is !LE
    %flag_inv 5;
    %jmp/0xz  T_1.57, 5;
    %load/vec4 v0x6000015a6130_0;
    %subi 15, 0, 32;
    %vpi_call 2 177 "$display", "Additional %d errors NOT printed.", S<0,vec4,s32> {1 0 0};
T_1.57 ;
    %vpi_call 2 179 "$display", "Simulation finished: %d test cases %d errors", v0x6000015a6520_0, v0x6000015a6130_0 {0 0 0};
    %load/vec4 v0x6000015a6520_0;
    %store/vec4 v0x6000015aa130_0, 0, 32;
    %load/vec4 v0x6000015a6520_0;
    %load/vec4 v0x6000015a6130_0;
    %sub;
    %store/vec4 v0x6000015aa0a0_0, 0, 32;
    %fork TD_test_adders.printPoints, S_0x7fb304709000;
    %join;
    %vpi_call 2 181 "$finish" {0 0 0};
    %end;
    .thread T_1;
# The file index is used to find the file name in the following table.
:file_names 5;
    "N/A";
    "<interactive>";
    "rca_testbench.v";
    "rca.v";
    "./print_points.v";
